Arguments: 
  /usr/local/bin/node /snap/node/7268/bin/yarn.js config get npmRegistryServer

PATH: 
  /media/slim-shady/code/summer Web/MEVN/node_modules/.bin:/media/slim-shady/code/summer Web/node_modules/.bin:/media/slim-shady/code/node_modules/.bin:/media/slim-shady/node_modules/.bin:/media/node_modules/.bin:/node_modules/.bin:/usr/local/bin:/home/slim-shady/.npm-global/bin:/home/slim-shady/.local/bin:/usr/local/sbin:/usr/local/bin:/usr/sbin:/usr/bin:/sbin:/bin:/usr/games:/usr/local/games:/snap/bin:/snap/bin

Yarn version: 
  1.22.19

Node version: 
  18.15.0

Platform: 
  linux x64

Trace: 
  Error: EACCES: permission denied, write
      at writeSync (node:fs:934:3)
      at SyncWriteStream._write (node:internal/fs/sync_write_stream:26:3)
      at writeOrBuffer (node:internal/streams/writable:392:12)
      at _write (node:internal/streams/writable:333:10)
      at Writable.write (node:internal/streams/writable:337:10)
      at ConsoleReporter._log (/snap/node/7268/lib/cli.js:92833:17)
      at ConsoleReporter.log (/snap/node/7268/lib/cli.js:92821:10)
      at get (/snap/node/7268/lib/cli.js:83506:14)
      at Object.<anonymous> (/snap/node/7268/lib/cli.js:25987:25)
      at Generator.next (<anonymous>)

npm manifest: 
  No manifest

yarn manifest: 
  No manifest

Lockfile: 
  No lockfile
